INFO:sim:172 - Generating IP...
Applying current project options...
Finished applying current project options.
WARNING:sim - A core named 'convert_30to15_fifo' already exists in the project.
   Output products for this core may be overwritten.
Resolving generics for 'convert_30to15_fifo'...
WARNING:sim - A core named 'convert_30to15_fifo' already exists in the project.
   Output products for this core may be overwritten.
Applying external generics to 'convert_30to15_fifo'...
Delivering associated files for 'convert_30to15_fifo'...
Delivering EJava files for 'convert_30to15_fifo'...
Generating implementation netlist for 'convert_30to15_fifo'...
INFO:sim - Pre-processing HDL files for 'convert_30to15_fifo'...
WARNING:sim - BlackBox generator run option '-ifmt' found multiple times. Only
   the first occurence is considered.
Running synthesis for 'convert_30to15_fifo'
Running ngcbuild...
Writing VEO instantiation template for 'convert_30to15_fifo'...
Writing Verilog behavioral simulation model for 'convert_30to15_fifo'...
WARNING:sim - Overwriting existing file
   E:/sp6/chaoyuez/hdmi_colorbar_top/top_hdmi_colorbar/prj/top_hdmi_colorbar/ipc
   ore_dir/tmp/_cg/convert_30to15_fifo/doc/fifo_generator_v9_3_vinfo.html with
   file from view xilinx_documentation
Delivered 3 files into directory
E:/sp6/chaoyuez/hdmi_colorbar_top/top_hdmi_colorbar/prj/top_hdmi_colorbar/ipcore
_dir/tmp/_cg/convert_30to15_fifo
Delivered 1 file into directory
E:/sp6/chaoyuez/hdmi_colorbar_top/top_hdmi_colorbar/prj/top_hdmi_colorbar/ipcore
_dir/tmp/_cg/convert_30to15_fifo
Generating ASY schematic symbol...
INFO:sim:949 - Finished generation of ASY schematic symbol.
Generating SYM schematic symbol for 'convert_30to15_fifo'...
Generating metadata file...
Regenerating ISE project file for 'convert_30to15_fifo'...
Generating ISE project...
XCO file found: convert_30to15_fifo.xco
XMDF file found: convert_30to15_fifo_xmdf.tcl
Adding
E:/sp6/chaoyuez/hdmi_colorbar_top/top_hdmi_colorbar/prj/top_hdmi_colorbar/ipcore
_dir/tmp/_cg/convert_30to15_fifo.asy -view all -origin_type imported
Adding
E:/sp6/chaoyuez/hdmi_colorbar_top/top_hdmi_colorbar/prj/top_hdmi_colorbar/ipcore
_dir/tmp/_cg/convert_30to15_fifo.ngc -view all -origin_type created
Checking file
"E:/sp6/chaoyuez/hdmi_colorbar_top/top_hdmi_colorbar/prj/top_hdmi_colorbar/ipcor
e_dir/tmp/_cg/convert_30to15_fifo.ngc" for project device match ...
File
"E:/sp6/chaoyuez/hdmi_colorbar_top/top_hdmi_colorbar/prj/top_hdmi_colorbar/ipcor
e_dir/tmp/_cg/convert_30to15_fifo.ngc" device information matches project
device.
Adding
E:/sp6/chaoyuez/hdmi_colorbar_top/top_hdmi_colorbar/prj/top_hdmi_colorbar/ipcore
_dir/tmp/_cg/convert_30to15_fifo.sym -view all -origin_type imported
Adding
E:/sp6/chaoyuez/hdmi_colorbar_top/top_hdmi_colorbar/prj/top_hdmi_colorbar/ipcore
_dir/tmp/_cg/convert_30to15_fifo.v -view all -origin_type created
INFO:HDLCompiler:1845 - Analyzing Verilog file
   "E:/sp6/chaoyuez/hdmi_colorbar_top/top_hdmi_colorbar/prj/top_hdmi_colorbar/ip
   core_dir/tmp/_cg/convert_30to15_fifo.v" into library work
INFO:ProjectMgmt - Parsing design hierarchy completed successfully.
Adding
E:/sp6/chaoyuez/hdmi_colorbar_top/top_hdmi_colorbar/prj/top_hdmi_colorbar/ipcore
_dir/tmp/_cg/convert_30to15_fifo.veo -view all -origin_type imported
INFO:TclTasksC:2116 - The automatic calculation of top has been turned-off.
   Please set the new top explicitly by running the "project set top" command.
   To re-calculate the new top automatically, set the "Auto Implementation Top"
   property to true.
Top level has been set to "/convert_30to15_fifo"
Generating README file...
Generating FLIST file...
INFO:sim:948 - Finished FLIST file generation.
Launching README viewer...
Moving files to output directory...
Finished moving files to output directory
Wrote CGP file for project 'convert_30to15_fifo'.
